#
# There is insufficient memory for the Java Runtime Environment to continue.
# Native memory allocation (malloc) failed to allocate 497632 bytes for Chunk::new
# Possible reasons:
#   The system is out of physical RAM or swap space
#   The process is running with CompressedOops enabled, and the Java Heap may be blocking the growth of the native heap
# Possible solutions:
#   Reduce memory load on the system
#   Increase physical memory or swap space
#   Check if swap backing store is full
#   Decrease Java heap size (-Xmx/-Xms)
#   Decrease number of Java threads
#   Decrease Java thread stack sizes (-Xss)
#   Set larger code cache with -XX:ReservedCodeCacheSize=
#   JVM is running with Unscaled Compressed Oops mode in which the Java heap is
#     placed in the first 4GB address space. The Java Heap base address is the
#     maximum limit for the native heap growth. Please use -XX:HeapBaseMinAddress
#     to set the Java Heap base and to place the Java Heap above 4GB virtual address.
# This output file may be truncated or incomplete.
#
#  Out of Memory Error (allocation.cpp:389), pid=21060, tid=0x0000000000004d0c
#
# JRE version: OpenJDK Runtime Environment (8.0_202-b03) (build 1.8.0_202-release-1483-b03)
# Java VM: OpenJDK 64-Bit Server VM (25.202-b03 mixed mode windows-amd64 compressed oops)
# Failed to write core dump. Minidumps are not enabled by default on client versions of Windows
#

---------------  T H R E A D  ---------------

Current thread (0x0000000015df4800):  JavaThread "C2 CompilerThread2" daemon [_thread_in_native, id=19724, stack(0x00000000168c0000,0x00000000169c0000)]

Stack: [0x00000000168c0000,0x00000000169c0000]
[error occurred during error reporting (printing stack bounds), id 0xc0000005]

Native frames: (J=compiled Java code, j=interpreted, Vv=VM code, C=native code)


Current CompileTask:
C2: 726891 4887       4       java.io.WinNTFileSystem::normalize (231 bytes)


---------------  P R O C E S S  ---------------

Java Threads: ( => current thread )
  0x0000000018c18800 JavaThread "RMI RenewClean-[127.0.0.1:56058,org.jetbrains.kotlin.daemon.common.LoopbackNetworkInterface$ClientLoopbackSocketFactory@19d07f35]" daemon [_thread_blocked, id=21032, stack(0x0000000000b90000,0x0000000000c90000)]
  0x0000000018c1d800 JavaThread "RMI TCP Connection(5)-127.0.0.1" daemon [_thread_in_Java, id=5128, stack(0x0000000000a90000,0x0000000000b90000)]
  0x0000000018c1f000 JavaThread "RMI TCP Connection(4)-127.0.0.1" daemon [_thread_in_native, id=19416, stack(0x0000000000990000,0x0000000000a90000)]
  0x0000000017086000 JavaThread "RMI RenewClean-[127.0.0.1:55385,org.jetbrains.kotlin.daemon.common.LoopbackNetworkInterface$ClientLoopbackSocketFactory@7b1efc93]" daemon [_thread_in_native, id=16672, stack(0x0000000017a00000,0x0000000017b00000)]
  0x0000000016f9e800 JavaThread "RMI Scheduler(0)" daemon [_thread_blocked, id=20780, stack(0x0000000018140000,0x0000000018240000)]
  0x000000000272e800 JavaThread "DestroyJavaVM" [_thread_blocked, id=4684, stack(0x0000000000c90000,0x0000000000d90000)]
  0x000000001702a000 JavaThread "GC Daemon" daemon [_thread_blocked, id=10112, stack(0x0000000017c00000,0x0000000017d00000)]
  0x0000000017029800 JavaThread "RMI Reaper" [_thread_blocked, id=9752, stack(0x0000000017b00000,0x0000000017c00000)]
  0x0000000016ef9800 JavaThread "Timer-0" daemon [_thread_blocked, id=18056, stack(0x0000000017900000,0x0000000017a00000)]
  0x0000000016eb0000 JavaThread "RMI TCP Accept-17792" daemon [_thread_in_native, id=15632, stack(0x0000000017800000,0x0000000017900000)]
  0x0000000015e89000 JavaThread "Service Thread" daemon [_thread_blocked, id=15964, stack(0x0000000016ac0000,0x0000000016bc0000)]
  0x0000000015e00000 JavaThread "C1 CompilerThread3" daemon [_thread_blocked, id=19584, stack(0x00000000169c0000,0x0000000016ac0000)]
=>0x0000000015df4800 JavaThread "C2 CompilerThread2" daemon [_thread_in_native, id=19724, stack(0x00000000168c0000,0x00000000169c0000)]
  0x0000000015df1000 JavaThread "C2 CompilerThread1" daemon [_thread_blocked, id=17940, stack(0x00000000167c0000,0x00000000168c0000)]
  0x0000000015ded000 JavaThread "C2 CompilerThread0" daemon [_thread_blocked, id=13760, stack(0x00000000166c0000,0x00000000167c0000)]
  0x0000000015dec000 JavaThread "Attach Listener" daemon [_thread_blocked, id=15172, stack(0x00000000165c0000,0x00000000166c0000)]
  0x0000000015dea800 JavaThread "Signal Dispatcher" daemon [_thread_blocked, id=8952, stack(0x00000000164c0000,0x00000000165c0000)]
  0x0000000015de1000 JavaThread "Finalizer" daemon [_thread_blocked, id=19812, stack(0x00000000162c0000,0x00000000163c0000)]
  0x0000000015de0800 JavaThread "Reference Handler" daemon [_thread_blocked, id=15288, stack(0x00000000161c0000,0x00000000162c0000)]

Other Threads:
  0x0000000013fe6800 VMThread [stack: 0x0000000015cc0000,0x0000000015dc0000] [id=19516]
  0x0000000015e89800 WatcherThread [stack: 0x0000000016bc0000,0x0000000016cc0000] [id=15800]

VM state:not at safepoint (normal execution)

VM Mutex/Monitor currently owned by a thread: None

heap address: 0x00000000e0000000, size: 512 MB, Compressed Oops mode: 32-bit
Narrow klass base: 0x0000000000000000, Narrow klass shift: 3
Compressed class space size: 1073741824 Address: 0x0000000100000000

Heap:
 PSYoungGen      total 67584K, used 36279K [0x00000000f5580000, 0x00000000fa580000, 0x0000000100000000)
  eden space 53248K, 51% used [0x00000000f5580000,0x00000000f7062938,0x00000000f8980000)
  from space 14336K, 61% used [0x00000000f9780000,0x00000000fa00b3d8,0x00000000fa580000)
  to   space 14336K, 0% used [0x00000000f8980000,0x00000000f8980000,0x00000000f9780000)
 ParOldGen       total 114176K, used 19583K [0x00000000e0000000, 0x00000000e6f80000, 0x00000000f5580000)
  object space 114176K, 17% used [0x00000000e0000000,0x00000000e131fe08,0x00000000e6f80000)
 Metaspace       used 47446K, capacity 48262K, committed 48768K, reserved 1091584K
  class space    used 5783K, capacity 5986K, committed 6016K, reserved 1048576K

Card table byte_map: [0x0000000011b40000,0x0000000011c50000] byte_map_base: 0x0000000011440000

Marking Bits: (ParMarkBitMap*) 0x000000006c0e9f30
 Begin Bits: [0x0000000012500000, 0x0000000012d00000)
 End Bits:   [0x0000000012d00000, 0x0000000013500000)

Polling page: 0x0000000000850000

CodeCache: size=245760Kb used=14484Kb max_used=14484Kb free=231275Kb
 bounds [0x0000000002780000, 0x00000000035c0000, 0x0000000011780000]
 total_blobs=5401 nmethods=4889 adapters=425
 compilation: enabled

Compilation events (10 events):
Event: 726.875 Thread 0x0000000015e00000 4896       3       sun.nio.fs.WindowsPathParser::isLetter (30 bytes)
Event: 726.875 Thread 0x0000000015e00000 nmethod 4896 0x00000000035a9a10 code [0x00000000035a9b60, 0x00000000035a9d90]
Event: 726.875 Thread 0x0000000015e00000 4897       3       sun.nio.fs.WindowsPathParser$Result::<init> (20 bytes)
Event: 726.875 Thread 0x0000000015e00000 nmethod 4897 0x00000000035a9610 code [0x00000000035a9760, 0x00000000035a9950]
Event: 726.882 Thread 0x0000000015e00000 4898       3       java.io.WinNTFileSystem::parentOrNull (171 bytes)
Event: 726.885 Thread 0x0000000015ded000 nmethod 4895 0x00000000035a7650 code [0x00000000035a77e0, 0x00000000035a7bf8]
Event: 726.885 Thread 0x0000000015e00000 nmethod 4898 0x00000000035ab9d0 code [0x00000000035abc00, 0x00000000035aca58]
Event: 726.885 Thread 0x0000000015e00000 4899   !   3       sun.reflect.GeneratedMethodAccessor16::invoke (57 bytes)
Event: 726.887 Thread 0x0000000015e00000 nmethod 4899 0x00000000035a8910 code [0x00000000035a8b00, 0x00000000035a9228]
Event: 726.887 Thread 0x0000000015e00000 4900   !   3       sun.reflect.GeneratedMethodAccessor17::invoke (65 bytes)

GC Heap History (10 events):
Event: 3.546 GC heap before
{Heap before GC invocations=7 (full 2):
 PSYoungGen      total 37888K, used 37866K [0x00000000f5580000, 0x00000000f8e00000, 0x0000000100000000)
  eden space 32768K, 100% used [0x00000000f5580000,0x00000000f7580000,0x00000000f7580000)
  from space 5120K, 99% used [0x00000000f7a80000,0x00000000f7f7ab68,0x00000000f7f80000)
  to   space 5120K, 0% used [0x00000000f7580000,0x00000000f7580000,0x00000000f7a80000)
 ParOldGen       total 70144K, used 13326K [0x00000000e0000000, 0x00000000e4480000, 0x00000000f5580000)
  object space 70144K, 18% used [0x00000000e0000000,0x00000000e0d03b68,0x00000000e4480000)
 Metaspace       used 29860K, capacity 30301K, committed 30592K, reserved 1075200K
  class space    used 3757K, capacity 3889K, committed 3968K, reserved 1048576K
Event: 3.554 GC heap after
Heap after GC invocations=7 (full 2):
 PSYoungGen      total 37888K, used 5118K [0x00000000f5580000, 0x00000000f8f80000, 0x0000000100000000)
  eden space 32768K, 0% used [0x00000000f5580000,0x00000000f5580000,0x00000000f7580000)
  from space 5120K, 99% used [0x00000000f7580000,0x00000000f7a7fb18,0x00000000f7a80000)
  to   space 5120K, 0% used [0x00000000f8a80000,0x00000000f8a80000,0x00000000f8f80000)
 ParOldGen       total 70144K, used 19736K [0x00000000e0000000, 0x00000000e4480000, 0x00000000f5580000)
  object space 70144K, 28% used [0x00000000e0000000,0x00000000e13463f8,0x00000000e4480000)
 Metaspace       used 29860K, capacity 30301K, committed 30592K, reserved 1075200K
  class space    used 3757K, capacity 3889K, committed 3968K, reserved 1048576K
}
Event: 3.969 GC heap before
{Heap before GC invocations=8 (full 2):
 PSYoungGen      total 37888K, used 33533K [0x00000000f5580000, 0x00000000f8f80000, 0x0000000100000000)
  eden space 32768K, 86% used [0x00000000f5580000,0x00000000f713fb70,0x00000000f7580000)
  from space 5120K, 99% used [0x00000000f7580000,0x00000000f7a7fb18,0x00000000f7a80000)
  to   space 5120K, 0% used [0x00000000f8a80000,0x00000000f8a80000,0x00000000f8f80000)
 ParOldGen       total 70144K, used 19736K [0x00000000e0000000, 0x00000000e4480000, 0x00000000f5580000)
  object space 70144K, 28% used [0x00000000e0000000,0x00000000e13463f8,0x00000000e4480000)
 Metaspace       used 34709K, capacity 35161K, committed 35496K, reserved 1081344K
  class space    used 4346K, capacity 4477K, committed 4480K, reserved 1048576K
Event: 3.976 GC heap after
Heap after GC invocations=8 (full 2):
 PSYoungGen      total 44032K, used 5118K [0x00000000f5580000, 0x00000000fa400000, 0x0000000100000000)
  eden space 38912K, 0% used [0x00000000f5580000,0x00000000f5580000,0x00000000f7b80000)
  from space 5120K, 99% used [0x00000000f8a80000,0x00000000f8f7fb18,0x00000000f8f80000)
  to   space 15360K, 0% used [0x00000000f7b80000,0x00000000f7b80000,0x00000000f8a80000)
 ParOldGen       total 70144K, used 26875K [0x00000000e0000000, 0x00000000e4480000, 0x00000000f5580000)
  object space 70144K, 38% used [0x00000000e0000000,0x00000000e1a3eee0,0x00000000e4480000)
 Metaspace       used 34709K, capacity 35161K, committed 35496K, reserved 1081344K
  class space    used 4346K, capacity 4477K, committed 4480K, reserved 1048576K
}
Event: 3.976 GC heap before
{Heap before GC invocations=9 (full 3):
 PSYoungGen      total 44032K, used 5118K [0x00000000f5580000, 0x00000000fa400000, 0x0000000100000000)
  eden space 38912K, 0% used [0x00000000f5580000,0x00000000f5580000,0x00000000f7b80000)
  from space 5120K, 99% used [0x00000000f8a80000,0x00000000f8f7fb18,0x00000000f8f80000)
  to   space 15360K, 0% used [0x00000000f7b80000,0x00000000f7b80000,0x00000000f8a80000)
 ParOldGen       total 70144K, used 26875K [0x00000000e0000000, 0x00000000e4480000, 0x00000000f5580000)
  object space 70144K, 38% used [0x00000000e0000000,0x00000000e1a3eee0,0x00000000e4480000)
 Metaspace       used 34709K, capacity 35161K, committed 35496K, reserved 1081344K
  class space    used 4346K, capacity 4477K, committed 4480K, reserved 1048576K
Event: 4.024 GC heap after
Heap after GC invocations=9 (full 3):
 PSYoungGen      total 44032K, used 0K [0x00000000f5580000, 0x00000000fa400000, 0x0000000100000000)
  eden space 38912K, 0% used [0x00000000f5580000,0x00000000f5580000,0x00000000f7b80000)
  from space 5120K, 0% used [0x00000000f8a80000,0x00000000f8a80000,0x00000000f8f80000)
  to   space 15360K, 0% used [0x00000000f7b80000,0x00000000f7b80000,0x00000000f8a80000)
 ParOldGen       total 114176K, used 19552K [0x00000000e0000000, 0x00000000e6f80000, 0x00000000f5580000)
  object space 114176K, 17% used [0x00000000e0000000,0x00000000e1318378,0x00000000e6f80000)
 Metaspace       used 34709K, capacity 35161K, committed 35496K, reserved 1081344K
  class space    used 4346K, capacity 4477K, committed 4480K, reserved 1048576K
}
Event: 4.595 GC heap before
{Heap before GC invocations=10 (full 3):
 PSYoungGen      total 44032K, used 38912K [0x00000000f5580000, 0x00000000fa400000, 0x0000000100000000)
  eden space 38912K, 100% used [0x00000000f5580000,0x00000000f7b80000,0x00000000f7b80000)
  from space 5120K, 0% used [0x00000000f8a80000,0x00000000f8a80000,0x00000000f8f80000)
  to   space 15360K, 0% used [0x00000000f7b80000,0x00000000f7b80000,0x00000000f8a80000)
 ParOldGen       total 114176K, used 19552K [0x00000000e0000000, 0x00000000e6f80000, 0x00000000f5580000)
  object space 114176K, 17% used [0x00000000e0000000,0x00000000e1318378,0x00000000e6f80000)
 Metaspace       used 40556K, capacity 41139K, committed 41728K, reserved 1085440K
  class space    used 5107K, capacity 5268K, committed 5376K, reserved 1048576K
Event: 4.602 GC heap after
Heap after GC invocations=10 (full 3):
 PSYoungGen      total 54272K, used 9561K [0x00000000f5580000, 0x00000000fa600000, 0x0000000100000000)
  eden space 38912K, 0% used [0x00000000f5580000,0x00000000f5580000,0x00000000f7b80000)
  from space 15360K, 62% used [0x00000000f7b80000,0x00000000f84d6798,0x00000000f8a80000)
  to   space 14848K, 0% used [0x00000000f9780000,0x00000000f9780000,0x00000000fa600000)
 ParOldGen       total 114176K, used 19560K [0x00000000e0000000, 0x00000000e6f80000, 0x00000000f5580000)
  object space 114176K, 17% used [0x00000000e0000000,0x00000000e131a378,0x00000000e6f80000)
 Metaspace       used 40556K, capacity 41139K, committed 41728K, reserved 1085440K
  class space    used 5107K, capacity 5268K, committed 5376K, reserved 1048576K
}
Event: 4.996 GC heap before
{Heap before GC invocations=11 (full 3):
 PSYoungGen      total 54272K, used 48473K [0x00000000f5580000, 0x00000000fa600000, 0x0000000100000000)
  eden space 38912K, 100% used [0x00000000f5580000,0x00000000f7b80000,0x00000000f7b80000)
  from space 15360K, 62% used [0x00000000f7b80000,0x00000000f84d6798,0x00000000f8a80000)
  to   space 14848K, 0% used [0x00000000f9780000,0x00000000f9780000,0x00000000fa600000)
 ParOldGen       total 114176K, used 19560K [0x00000000e0000000, 0x00000000e6f80000, 0x00000000f5580000)
  object space 114176K, 17% used [0x00000000e0000000,0x00000000e131a378,0x00000000e6f80000)
 Metaspace       used 43805K, capacity 44489K, committed 44800K, reserved 1089536K
  class space    used 5442K, capacity 5607K, committed 5632K, reserved 1048576K
Event: 5.003 GC heap after
Heap after GC invocations=11 (full 3):
 PSYoungGen      total 67584K, used 8748K [0x00000000f5580000, 0x00000000fa580000, 0x0000000100000000)
  eden space 53248K, 0% used [0x00000000f5580000,0x00000000f5580000,0x00000000f8980000)
  from space 14336K, 61% used [0x00000000f9780000,0x00000000fa00b3d8,0x00000000fa580000)
  to   space 14336K, 0% used [0x00000000f8980000,0x00000000f8980000,0x00000000f9780000)
 ParOldGen       total 114176K, used 19583K [0x00000000e0000000, 0x00000000e6f80000, 0x00000000f5580000)
  object space 114176K, 17% used [0x00000000e0000000,0x00000000e131fe08,0x00000000e6f80000)
 Metaspace       used 43805K, capacity 44489K, committed 44800K, reserved 1089536K
  class space    used 5442K, capacity 5607K, committed 5632K, reserved 1048576K
}

Deoptimization events (10 events):
Event: 5.327 Thread 0x0000000016f96000 Uncommon trap: reason=bimorphic action=maybe_recompile pc=0x0000000002e7d294 method=org.jetbrains.kotlin.protobuf.CodedOutputStream.refreshBuffer()V @ 28
Event: 5.332 Thread 0x0000000016f96000 Uncommon trap: reason=unstable_if action=reinterpret pc=0x000000000303c1c4 method=java.lang.ThreadLocal$ThreadLocalMap.getEntry(Ljava/lang/ThreadLocal;)Ljava/lang/ThreadLocal$ThreadLocalMap$Entry; @ 29
Event: 5.332 Thread 0x0000000016f96000 Uncommon trap: reason=unstable_if action=reinterpret pc=0x0000000002d03a30 method=org.jetbrains.kotlin.gnu.trove.TObjectHash.index(Ljava/lang/Object;)I @ 54
Event: 5.403 Thread 0x0000000016f96000 Uncommon trap: reason=class_check action=maybe_recompile pc=0x00000000034f6c1c method=java.io.DataOutputStream.writeUTF(Ljava/lang/String;Ljava/io/DataOutput;)I @ 111
Event: 5.403 Thread 0x0000000016f96000 Uncommon trap: reason=class_check action=maybe_recompile pc=0x00000000034f6c1c method=java.io.DataOutputStream.writeUTF(Ljava/lang/String;Ljava/io/DataOutput;)I @ 111
Event: 5.403 Thread 0x0000000016f96000 Uncommon trap: reason=class_check action=maybe_recompile pc=0x00000000034f6c1c method=java.io.DataOutputStream.writeUTF(Ljava/lang/String;Ljava/io/DataOutput;)I @ 111
Event: 5.405 Thread 0x0000000016f96000 Uncommon trap: reason=class_check action=maybe_recompile pc=0x00000000034f6c1c method=java.io.DataOutputStream.writeUTF(Ljava/lang/String;Ljava/io/DataOutput;)I @ 111
Event: 600.961 Thread 0x0000000016f9e800 Uncommon trap: reason=unstable_if action=reinterpret pc=0x0000000003447640 method=java.util.HashMap$HashIterator.<init>(Ljava/util/HashMap;)V @ 45
Event: 726.795 Thread 0x0000000018c1d800 Uncommon trap: reason=unstable_if action=reinterpret pc=0x0000000002d0534c method=org.jetbrains.kotlin.gnu.trove.TObjectHash.index(Ljava/lang/Object;)I @ 54
Event: 726.798 Thread 0x0000000018c1d800 Uncommon trap: reason=unstable_if action=reinterpret pc=0x000000000313a8c4 method=org.jetbrains.kotlin.gnu.trove.TObjectHash.insertionIndex(Ljava/lang/Object;)I @ 65

Classes redefined (0 events):
No events

Internal exceptions (10 events):
Event: 372.138 Thread 0x0000000017086000 Exception <a 'java/net/ConnectException': Connection refused: connect> (0x00000000f6ba9db0) thrown at [D:\src\AOSP-openjdk-cygwin\jdk8u\hotspot\src\share\vm\prims\jni.cpp, line 736]
Event: 374.149 Thread 0x0000000017086000 Exception <a 'java/net/ConnectException': Connection refused: connect> (0x00000000f6baa6a8) thrown at [D:\src\AOSP-openjdk-cygwin\jdk8u\hotspot\src\share\vm\prims\jni.cpp, line 736]
Event: 424.439 Thread 0x0000000017086000 Exception <a 'java/net/ConnectException': Connection refused: connect> (0x00000000f6bab3a0) thrown at [D:\src\AOSP-openjdk-cygwin\jdk8u\hotspot\src\share\vm\prims\jni.cpp, line 736]
Event: 426.452 Thread 0x0000000017086000 Exception <a 'java/net/ConnectException': Connection refused: connect> (0x00000000f6babc98) thrown at [D:\src\AOSP-openjdk-cygwin\jdk8u\hotspot\src\share\vm\prims\jni.cpp, line 736]
Event: 428.467 Thread 0x0000000017086000 Exception <a 'java/net/ConnectException': Connection refused: connect> (0x00000000f6bac590) thrown at [D:\src\AOSP-openjdk-cygwin\jdk8u\hotspot\src\share\vm\prims\jni.cpp, line 736]
Event: 527.034 Thread 0x0000000017086000 Exception <a 'java/net/ConnectException': Connection refused: connect> (0x00000000f6bad288) thrown at [D:\src\AOSP-openjdk-cygwin\jdk8u\hotspot\src\share\vm\prims\jni.cpp, line 736]
Event: 529.047 Thread 0x0000000017086000 Exception <a 'java/net/ConnectException': Connection refused: connect> (0x00000000f6badb80) thrown at [D:\src\AOSP-openjdk-cygwin\jdk8u\hotspot\src\share\vm\prims\jni.cpp, line 736]
Event: 531.060 Thread 0x0000000017086000 Exception <a 'java/net/ConnectException': Connection refused: connect> (0x00000000f6bae478) thrown at [D:\src\AOSP-openjdk-cygwin\jdk8u\hotspot\src\share\vm\prims\jni.cpp, line 736]
Event: 726.642 Thread 0x0000000017086000 Exception <a 'java/net/ConnectException': Connection refused: connect> (0x00000000f6baf298) thrown at [D:\src\AOSP-openjdk-cygwin\jdk8u\hotspot\src\share\vm\prims\jni.cpp, line 736]
Event: 726.664 Thread 0x0000000018c18800 Exception <a 'java/lang/InterruptedException'> (0x00000000f6d9c778) thrown at [D:\src\AOSP-openjdk-cygwin\jdk8u\hotspot\src\share\vm\runtime\objectMonitor.cpp, line 1680]

Events (10 events):
Event: 726.767 loading class org/jetbrains/kotlin/extensions/ScriptingCompilerConfigurationExtension
Event: 726.767 loading class org/jetbrains/kotlin/extensions/ScriptingCompilerConfigurationExtension done
Event: 726.777 Thread 0x0000000018c1d800 DEOPT PACKING pc=0x0000000002bec18c sp=0x0000000000b8b840
Event: 726.777 Thread 0x0000000018c1d800 DEOPT UNPACKING pc=0x00000000027c75d0 sp=0x0000000000b8b6b8 mode 0
Event: 726.795 Thread 0x0000000018c1d800 Uncommon trap: trap_request=0xffffff65 fr.pc=0x0000000002d0534c
Event: 726.795 Thread 0x0000000018c1d800 DEOPT PACKING pc=0x0000000002d0534c sp=0x0000000000b8b350
Event: 726.797 Thread 0x0000000018c1d800 DEOPT UNPACKING pc=0x00000000027c557b sp=0x0000000000b8b288 mode 2
Event: 726.798 Thread 0x0000000018c1d800 Uncommon trap: trap_request=0xffffff65 fr.pc=0x000000000313a8c4
Event: 726.798 Thread 0x0000000018c1d800 DEOPT PACKING pc=0x000000000313a8c4 sp=0x0000000000b8b280
Event: 726.799 Thread 0x0000000018c1d800 DEOPT UNPACKING pc=0x00000000027c557b sp=0x0000000000b8b1f8 mode 2


Dynamic libraries:
0x00007ff7704a0000 - 0x00007ff7704d1000 	C:\Program Files\Android\Android Studio\jre\jre\bin\java.exe
0x00007fff51200000 - 0x00007fff513f0000 	C:\WINDOWS\SYSTEM32\ntdll.dll
0x00007fff50270000 - 0x00007fff50322000 	C:\WINDOWS\System32\KERNEL32.DLL
0x00007fff4ed30000 - 0x00007fff4efd3000 	C:\WINDOWS\System32\KERNELBASE.dll
0x00007fff50fa0000 - 0x00007fff51043000 	C:\WINDOWS\System32\ADVAPI32.dll
0x00007fff50de0000 - 0x00007fff50e7e000 	C:\WINDOWS\System32\msvcrt.dll
0x00007fff50a20000 - 0x00007fff50ab7000 	C:\WINDOWS\System32\sechost.dll
0x00007fff50e80000 - 0x00007fff50fa0000 	C:\WINDOWS\System32\RPCRT4.dll
0x00007fff4f3e0000 - 0x00007fff4f574000 	C:\WINDOWS\System32\USER32.dll
0x00007fff4e330000 - 0x00007fff4e351000 	C:\WINDOWS\System32\win32u.dll
0x00007fff510e0000 - 0x00007fff51106000 	C:\WINDOWS\System32\GDI32.dll
0x00007fff4e190000 - 0x00007fff4e324000 	C:\WINDOWS\System32\gdi32full.dll
0x00007fff4e3e0000 - 0x00007fff4e47e000 	C:\WINDOWS\System32\msvcp_win.dll
0x00007fff4f130000 - 0x00007fff4f22a000 	C:\WINDOWS\System32\ucrtbase.dll
0x00007fff3cbc0000 - 0x00007fff3ce45000 	C:\WINDOWS\WinSxS\amd64_microsoft.windows.common-controls_6595b64144ccf1df_6.0.18362.720_none_e6beb5c51314836b\COMCTL32.dll
0x00007fff4f720000 - 0x00007fff4fa56000 	C:\WINDOWS\System32\combase.dll
0x00007fff4f230000 - 0x00007fff4f2b0000 	C:\WINDOWS\System32\bcryptPrimitives.dll
0x00007fff50150000 - 0x00007fff5017e000 	C:\WINDOWS\System32\IMM32.DLL
0x000000006b6d0000 - 0x000000006b7a2000 	C:\Program Files\Android\Android Studio\jre\jre\bin\msvcr100.dll
0x000000006b920000 - 0x000000006c166000 	C:\Program Files\Android\Android Studio\jre\jre\bin\server\jvm.dll
0x00007fff51050000 - 0x00007fff51058000 	C:\WINDOWS\System32\PSAPI.DLL
0x00007fff37f80000 - 0x00007fff37f89000 	C:\WINDOWS\SYSTEM32\WSOCK32.dll
0x00007fff4bbe0000 - 0x00007fff4bc04000 	C:\WINDOWS\SYSTEM32\WINMM.dll
0x00007fff46b20000 - 0x00007fff46b2a000 	C:\WINDOWS\SYSTEM32\VERSION.dll
0x00007fff50200000 - 0x00007fff5026f000 	C:\WINDOWS\System32\WS2_32.dll
0x00007fff4bbb0000 - 0x00007fff4bbdd000 	C:\WINDOWS\SYSTEM32\WINMMBASE.dll
0x00007fff4ecb0000 - 0x00007fff4ecfa000 	C:\WINDOWS\System32\cfgmgr32.dll
0x00007fff4a9d0000 - 0x00007fff4a9df000 	C:\Program Files\Android\Android Studio\jre\jre\bin\verify.dll
0x00007fff4a950000 - 0x00007fff4a979000 	C:\Program Files\Android\Android Studio\jre\jre\bin\java.dll
0x00007fff4a9b0000 - 0x00007fff4a9c6000 	C:\Program Files\Android\Android Studio\jre\jre\bin\zip.dll
0x00007fff4fa60000 - 0x00007fff50145000 	C:\WINDOWS\System32\SHELL32.dll
0x00007fff51110000 - 0x00007fff511b9000 	C:\WINDOWS\System32\shcore.dll
0x00007fff4e530000 - 0x00007fff4ecb0000 	C:\WINDOWS\System32\windows.storage.dll
0x00007fff4e140000 - 0x00007fff4e163000 	C:\WINDOWS\System32\profapi.dll
0x00007fff4e0d0000 - 0x00007fff4e11a000 	C:\WINDOWS\System32\powrprof.dll
0x00007fff4e0c0000 - 0x00007fff4e0d0000 	C:\WINDOWS\System32\UMPDC.dll
0x00007fff4f2b0000 - 0x00007fff4f302000 	C:\WINDOWS\System32\shlwapi.dll
0x00007fff4e120000 - 0x00007fff4e131000 	C:\WINDOWS\System32\kernel.appcore.dll
0x00007fff4e360000 - 0x00007fff4e377000 	C:\WINDOWS\System32\cryptsp.dll
0x00007fff49390000 - 0x00007fff4939d000 	C:\Program Files\Android\Android Studio\jre\jre\bin\management.dll
0x00007fff4a930000 - 0x00007fff4a94a000 	C:\Program Files\Android\Android Studio\jre\jre\bin\net.dll
0x00007fff4d8e0000 - 0x00007fff4d947000 	C:\WINDOWS\system32\mswsock.dll
0x00007fff4a900000 - 0x00007fff4a911000 	C:\Program Files\Android\Android Studio\jre\jre\bin\nio.dll
0x00007fff4d400000 - 0x00007fff4d433000 	C:\WINDOWS\system32\rsaenh.dll
0x00007fff4ed00000 - 0x00007fff4ed26000 	C:\WINDOWS\System32\bcrypt.dll
0x00007fff4dfe0000 - 0x00007fff4e005000 	C:\WINDOWS\SYSTEM32\USERENV.dll
0x00007fff4da60000 - 0x00007fff4da6c000 	C:\WINDOWS\SYSTEM32\CRYPTBASE.dll
0x00007fff4d5a0000 - 0x00007fff4d5da000 	C:\WINDOWS\SYSTEM32\IPHLPAPI.DLL
0x00007fff50b30000 - 0x00007fff50b38000 	C:\WINDOWS\System32\NSI.dll
0x00007fff469f0000 - 0x00007fff46a06000 	C:\WINDOWS\SYSTEM32\dhcpcsvc6.DLL
0x00007fff469d0000 - 0x00007fff469ec000 	C:\WINDOWS\SYSTEM32\dhcpcsvc.DLL
0x00007fff4d5e0000 - 0x00007fff4d6aa000 	C:\WINDOWS\SYSTEM32\DNSAPI.dll

VM Arguments:
jvm_args: -Djava.awt.headless=true -Djava.rmi.server.hostname=127.0.0.1 -Xmx512m -Dkotlin.environment.keepalive 
java_command: org.jetbrains.kotlin.daemon.KotlinCompileDaemon --daemon-runFilesPath C:\Users\enard\AppData\Local\kotlin\daemon --daemon-autoshutdownIdleSeconds=7200 --daemon-compilerClasspath C:\Users\enard\.gradle\caches\modules-2\files-2.1\org.jetbrains.kotlin\kotlin-compiler-embeddable\1.3.11\a8db6c14f8b8ed74aa11b8379f961587b639c571\kotlin-compiler-embeddable-1.3.11.jar;C:\Users\enard\.gradle\caches\modules-2\files-2.1\org.jetbrains.kotlin\kotlin-reflect\1.3.11\aae7b33412715e9ed441934c4ffaad1bb80e9d36\kotlin-reflect-1.3.11.jar;C:\Users\enard\.gradle\caches\modules-2\files-2.1\org.jetbrains.kotlin\kotlin-stdlib\1.3.11\4cbc5922a54376018307a731162ccaf3ef851a39\kotlin-stdlib-1.3.11.jar;C:\Users\enard\.gradle\caches\modules-2\files-2.1\org.jetbrains.kotlin\kotlin-script-runtime\1.3.11\1ef3a816aeacb9cd051b3ed37e2abf88910f1503\kotlin-script-runtime-1.3.11.jar;C:\Users\enard\.gradle\caches\modules-2\files-2.1\org.jetbrains.kotlin\kotlin-stdlib-common\1.3.11\d8b8e746e279f1c4f5e08bc14a96b82e6bb1de02\kotlin-stdlib-common-1.3.11.jar;C:\Users\enard\.gradle\caches\modules-2\files-2.1\org.jetbrains\annotations\13.0\919f0dfe192fb4e063e7dacadee7f8bb9a2672a9\annotations-13.0.jar;C:\Program Files\Android\Android Studio\jre\lib\tools.jar
java_class_path (initial): C:\Users\enard\.gradle\caches\modules-2\files-2.1\org.jetbrains.kotlin\kotlin-compiler-embeddable\1.3.11\a8db6c14f8b8ed74aa11b8379f961587b639c571\kotlin-compiler-embeddable-1.3.11.jar;C:\Users\enard\.gradle\caches\modules-2\files-2.1\org.jetbrains.kotlin\kotlin-reflect\1.3.11\aae7b33412715e9ed441934c4ffaad1bb80e9d36\kotlin-reflect-1.3.11.jar;C:\Users\enard\.gradle\caches\modules-2\files-2.1\org.jetbrains.kotlin\kotlin-stdlib\1.3.11\4cbc5922a54376018307a731162ccaf3ef851a39\kotlin-stdlib-1.3.11.jar;C:\Users\enard\.gradle\caches\modules-2\files-2.1\org.jetbrains.kotlin\kotlin-script-runtime\1.3.11\1ef3a816aeacb9cd051b3ed37e2abf88910f1503\kotlin-script-runtime-1.3.11.jar;C:\Users\enard\.gradle\caches\modules-2\files-2.1\org.jetbrains.kotlin\kotlin-stdlib-common\1.3.11\d8b8e746e279f1c4f5e08bc14a96b82e6bb1de02\kotlin-stdlib-common-1.3.11.jar;C:\Users\enard\.gradle\caches\modules-2\files-2.1\org.jetbrains\annotations\13.0\919f0dfe192fb4e063e7dacadee7f8bb9a2672a9\annotations-13.0.jar;C:\Program Files\Android\Android Studio\jre\lib\tools.jar
Launcher Type: SUN_STANDARD

Environment Variables:
JAVA_HOME=C:\Program Files\Android\Android Studio\jre
CLASSPATH=C:\Users\enard\Desktop\rtMobile\android\\gradle\wrapper\gradle-wrapper.jar
PATH=C:\ProgramData\DockerDesktop\version-bin;C:\Program Files\Docker\Docker\Resources\bin;C:\Python27\;C:\Python27\Scripts;C:\WINDOWS\system32;C:\WINDOWS;C:\WINDOWS\System32\Wbem;C:\WINDOWS\System32\WindowsPowerShell\v1.0\;C:\Program Files\nodejs\;C:\ProgramData\chocolatey\bin;c:\Users\enard\AppData\Local\Android\Sdk\platform-tools;C:\Program Files\Git\cmd;C:\Program Files (x86)\Yarn\bin\;C:\WINDOWS\System32\OpenSSH\;C:\Program Files\Intel\WiFi\bin\;C:\Program Files\Common Files\Intel\WirelessCommon\;C:\Users\enard\AppData\Local\Microsoft\WindowsApps;C:\Users\enard\AppData\Roaming\npm;C:\Users\enard\AppData\Local\Yarn\bin;
USERNAME=enard
OS=Windows_NT
PROCESSOR_IDENTIFIER=Intel64 Family 6 Model 158 Stepping 9, GenuineIntel



---------------  S Y S T E M  ---------------

OS: Windows 10.0 , 64 bit Build 18362 (10.0.18362.329)

CPU:total 8 (initial active 8) (4 cores per cpu, 2 threads per core) family 6 model 158 stepping 9, cmov, cx8, fxsr, mmx, sse, sse2, sse3, ssse3, sse4.1, sse4.2, popcnt, avx, avx2, aes, clmul, erms, rtm, 3dnowpref, lzcnt, ht, tsc, tscinvbit, bmi1, bmi2, adx

Memory: 4k page, physical 8238564k(279960k free), swap 33404388k(3052k free)

vm_info: OpenJDK 64-Bit Server VM (25.202-b03) for windows-amd64 JRE (1.8.0_202-release-1483-b03), built by "builder" with MS VC++ 10.0 (VS2010)

time: Sun Apr 12 21:43:33 2020
timezone: Eastern Daylight Time
elapsed time: 726 seconds (0d 0h 12m 6s)

